e:\vsnew workplace\mfcexp5\mfcexp5\debug\mfcexp5.pch
e:\vsnew workplace\mfcexp5\mfcexp5\debug\vc140.pdb
e:\vsnew workplace\mfcexp5\mfcexp5\debug\vc140.idb
e:\vsnew workplace\mfcexp5\mfcexp5\debug\stdafx.obj
e:\vsnew workplace\mfcexp5\mfcexp5\debug\mainfrm.obj
e:\vsnew workplace\mfcexp5\mfcexp5\debug\mfcexp5.obj
e:\vsnew workplace\mfcexp5\mfcexp5\debug\mfcexp5doc.obj
e:\vsnew workplace\mfcexp5\mfcexp5\debug\mfcexp5view.obj
e:\vsnew workplace\mfcexp5\debug\mfcexp5.ilk
e:\vsnew workplace\mfcexp5\debug\mfcexp5.exe
e:\vsnew workplace\mfcexp5\debug\mfcexp5.pdb
e:\vsnew workplace\mfcexp5\mfcexp5\debug\mfcexp5.res
e:\vsnew workplace\mfcexp5\mfcexp5\debug\mfcexp5.tlog\cl.command.1.tlog
e:\vsnew workplace\mfcexp5\mfcexp5\debug\mfcexp5.tlog\cl.read.1.tlog
e:\vsnew workplace\mfcexp5\mfcexp5\debug\mfcexp5.tlog\cl.write.1.tlog
e:\vsnew workplace\mfcexp5\mfcexp5\debug\mfcexp5.tlog\link.command.1.tlog
e:\vsnew workplace\mfcexp5\mfcexp5\debug\mfcexp5.tlog\link.read.1.tlog
e:\vsnew workplace\mfcexp5\mfcexp5\debug\mfcexp5.tlog\link.write.1.tlog
e:\vsnew workplace\mfcexp5\mfcexp5\debug\mfcexp5.tlog\rc.command.1.tlog
e:\vsnew workplace\mfcexp5\mfcexp5\debug\mfcexp5.tlog\rc.read.1.tlog
e:\vsnew workplace\mfcexp5\mfcexp5\debug\mfcexp5.tlog\rc.write.1.tlog
